c:\dev\2048demo\proj.win32\release.win32\2048demo.lib
c:\dev\2048demo\proj.win32\release.win32\2048demo.exp
c:\dev\2048demo\proj.win32\release.win32\2048demo.ipdb
c:\dev\2048demo\proj.win32\release.win32\2048demo.iobj
c:\dev\2048demo\proj.win32\2048demo.cab
c:\dev\2048demo\proj.win32\release.win32\cell.obj
c:\dev\2048demo\proj.win32\release.win32\demoscene.obj
c:\dev\2048demo\proj.win32\release.win32\main.obj
c:\dev\2048demo\proj.win32\release.win32\appdelegate.obj
c:\dev\2048demo\proj.win32\release.win32\vc141.pdb
c:\dev\2048demo\proj.win32\release.win32\2048demo.exe
c:\dev\2048demo\proj.win32\release.win32\2048demo.pdb
c:\dev\2048demo\proj.win32\release.win32\game.res
c:\dev\2048demo\proj.win32\release.win32\libcocos2d.exp
c:\dev\2048demo\proj.win32\release.win32\libcocos2d.pdb
c:\dev\2048demo\proj.win32\release.win32\2048demo.tlog\2048demo.write.1u.tlog
c:\dev\2048demo\proj.win32\release.win32\2048demo.tlog\cl.command.1.tlog
c:\dev\2048demo\proj.win32\release.win32\2048demo.tlog\cl.read.1.tlog
c:\dev\2048demo\proj.win32\release.win32\2048demo.tlog\cl.write.1.tlog
c:\dev\2048demo\proj.win32\release.win32\2048demo.tlog\link.command.1.tlog
c:\dev\2048demo\proj.win32\release.win32\2048demo.tlog\link.read.1.tlog
c:\dev\2048demo\proj.win32\release.win32\2048demo.tlog\link.write.1.tlog
c:\dev\2048demo\proj.win32\release.win32\2048demo.tlog\rc.command.1.tlog
c:\dev\2048demo\proj.win32\release.win32\2048demo.tlog\rc.read.1.tlog
c:\dev\2048demo\proj.win32\release.win32\2048demo.tlog\rc.write.1.tlog
